'choco' is not recognized as an internal or external command,
operable program or batch file.
Error installing Chocolatey. 
'nvm' is not recognized as an internal or external command,
operable program or batch file.
Error installing NVM. 
Error installing pip. 
Error installing pip. 
Error installing pip. 
Error installing pip. 
Error installing pip. 
Error installing pip. 
Error installing pip. 
Error installing pip. 
Error installing pip. 
Error installing pip. 
Error installing pip. 
Error installing pip. 
Error installing pip. 
Error installing pip. 
Error installing pip. 
Error installing pip. 
Error installing pip. 
Error installing pip. 
Error installing pip. 
Error installing pip. 
Error installing pip. 
Error installing pip. 
Error installing pip. 
Error installing pip. 
Error installing pip. 
Error installing pip. 
Error installing pip. 
Error installing pip. 
Error installing pip. 
Error installing pip. 
Error installing pip. 
Error installing pip. 
Error installing pip. 
Error installing pip. 
Error installing pip. 
Error installing pip. 
Error installing pip. 
Error installing pip. 
Error installing pip. 
Error installing pip. 
Error installing pip. 
Error installing pip. 
Error installing pip. 
Error installing pip. 
Error installing pip. 
Error installing pip. 
Error installing pip. 
Error installing pip. 
Error installing pip. 
Error installing pip. 
Error installing pip. 
Error installing pip. 
Error installing pip. 
Error installing pip. 
Error installing pip. 
Error installing pip. 
Error installing pip. 
Error installing pip. 
Error installing pip. 
Error installing pip. 
Error installing pip. 
Error installing pip. 
Error installing pip. 
Error installing pip. 
Error installing pip. 
Error installing pip. 
Error installing pip. 
Error installing pip. 
Error installing pip. 
Error installing pip. 
Error installing pip. 
Error installing pip. 
Error installing pip. 
Error installing pip. 
Error installing pip. 
Error installing pip. 
Error installing pip. 
Error installing pip. 
Error installing pip. 
Error installing pip. 
Error installing pip. 
Error installing pip. 
Error installing pip. 
Error installing pip. 
Error installing pip. 
Error installing pip. 
Error installing pip. 
Error installing pip. 
Error installing pip. 
Error installing pip. 
'choco' is not recognized as an internal or external command,
operable program or batch file.
Error installing Chocolatey. 
'nvm' is not recognized as an internal or external command,
operable program or batch file.
Error installing NVM. 
pip installed successfully. 
Error installing Pipenv. 
Second attempt to install Pipenv failed. 
'choco' is not recognized as an internal or external command,
operable program or batch file.
Error installing Chocolatey. 
'nvm' is not recognized as an internal or external command,
operable program or batch file.
Error installing NVM. 
pip installed successfully. 
Error installing Pipenv. 
Second attempt to install Pipenv failed. 
'choco' is not recognized as an internal or external command,
operable program or batch file.
Error installing Chocolatey. 
'nvm' is not recognized as an internal or external command,
operable program or batch file.
Error installing NVM. 
pip installed successfully. 
Error installing Pipenv. 
Second attempt to install Pipenv failed. 
'choco' is not recognized as an internal or external command,
operable program or batch file.
Error installing Chocolatey. 
'nvm' is not recognized as an internal or external command,
operable program or batch file.
Error installing NVM. 
pip installed successfully. 
Error installing Pipenv. 
'choco' is not recognized as an internal or external command,
operable program or batch file.
Error installing Chocolatey. 
'nvm' is not recognized as an internal or external command,
operable program or batch file.
Error installing NVM. 
pip installed successfully. 
Error installing Pipenv. 
'choco' is not recognized as an internal or external command,
operable program or batch file.
Error installing Chocolatey. 
'nvm' is not recognized as an internal or external command,
operable program or batch file.
Error installing NVM. 
pip installed successfully. 
Error installing Pipenv. 
'choco' is not recognized as an internal or external command,
operable program or batch file.
Error installing Chocolatey. 
Error installing GitPython. 
'nvm' is not recognized as an internal or external command,
operable program or batch file.
Error installing NVM. 
Error installing pip. 
Error installing Pipenv. 
'choco' is not recognized as an internal or external command,
operable program or batch file.
Error installing Chocolatey. 
'nvm' is not recognized as an internal or external command,
operable program or batch file.
Error installing NVM. 
pip installed successfully. 
Error installing Pipenv. 
'choco' is not recognized as an internal or external command,
operable program or batch file.
Error installing Chocolatey. 
'nvm' is not recognized as an internal or external command,
operable program or batch file.
Error installing NVM. 
Error installing pip. 
Error installing Pipenv. 
'choco' is not recognized as an internal or external command,
operable program or batch file.
Error installing Chocolatey. 
'git' is not recognized as an internal or external command,
operable program or batch file.
Error installing Git. 
'nvm' is not recognized as an internal or external command,
operable program or batch file.
Error installing NVM. 
pip installed successfully. 
Error installing Pipenv. 
'choco' is not recognized as an internal or external command,
operable program or batch file.
Error installing Chocolatey. 
'git' is not recognized as an internal or external command,
operable program or batch file.
Error installing Git. 
'nvm' is not recognized as an internal or external command,
operable program or batch file.
Error installing NVM. 
pip installed successfully. 
Error installing Pipenv. 
'choco' is not recognized as an internal or external command,
operable program or batch file.
Error installing Chocolatey. 
'git' is not recognized as an internal or external command,
operable program or batch file.
Error installing Git. 
'nvm' is not recognized as an internal or external command,
operable program or batch file.
Error installing NVM. 
pip installed successfully. 
'choco' is not recognized as an internal or external command,
operable program or batch file.
Error installing Chocolatey. 
'git' is not recognized as an internal or external command,
operable program or batch file.
Error installing Git. 
'nvm' is not recognized as an internal or external command,
operable program or batch file.
Error installing NVM. 
pip installed successfully. 
'choco' is not recognized as an internal or external command,
operable program or batch file.
Error installing Chocolatey. 
'git' is not recognized as an internal or external command,
operable program or batch file.
Error installing Git. 
'nvm' is not recognized as an internal or external command,
operable program or batch file.
Error installing NVM. 
pip installed successfully. 
